Copyright 1986-2018 Xilinx, Inc. All Rights Reserved.
-------------------------------------------------------------------------------------------------------------------------------------------------------
| Tool Version     : Vivado v.2018.2 (win64) Build 2258646 Thu Jun 14 20:03:12 MDT 2018
| Date             : Sun Aug 12 18:34:30 2018
| Host             : ME-PC running 64-bit Service Pack 1  (build 7601)
| Command          : report_power -file Motherboard_power_routed.rpt -pb Motherboard_power_summary_routed.pb -rpx Motherboard_power_routed.rpx
| Design           : Motherboard
| Device           : xc7a100tcsg324-1
| Design State     : routed
| Grade            : commercial
| Process          : typical
| Characterization : Production
-------------------------------------------------------------------------------------------------------------------------------------------------------

Power Report

Table of Contents
-----------------
1. Summary
1.1 On-Chip Components
1.2 Power Supply Summary
1.3 Confidence Level
2. Settings
2.1 Environment
2.2 Clock Constraints
3. Detailed Reports
3.1 By Hierarchy

1. Summary
----------

+--------------------------+--------------+
| Total On-Chip Power (W)  | 0.114        |
| Design Power Budget (W)  | Unspecified* |
| Power Budget Margin (W)  | NA           |
| Dynamic (W)              | 0.017        |
| Device Static (W)        | 0.097        |
| Effective TJA (C/W)      | 4.6          |
| Max Ambient (C)          | 84.5         |
| Junction Temperature (C) | 25.5         |
| Confidence Level         | Low          |
| Setting File             | ---          |
| Simulation Activity File | ---          |
| Design Nets Matched      | NA           |
+--------------------------+--------------+
* Specify Design Power Budget using, set_operating_conditions -design_power_budget <value in Watts>


1.1 On-Chip Components
----------------------

+--------------------------+-----------+----------+-----------+-----------------+
| On-Chip                  | Power (W) | Used     | Available | Utilization (%) |
+--------------------------+-----------+----------+-----------+-----------------+
| Clocks                   |    <0.001 |        3 |       --- |             --- |
| Slice Logic              |     0.009 |     3042 |       --- |             --- |
|   LUT as Logic           |     0.008 |     1619 |     63400 |            2.55 |
|   LUT as Distributed RAM |    <0.001 |       48 |     19000 |            0.25 |
|   CARRY4                 |    <0.001 |      173 |     15850 |            1.09 |
|   Register               |    <0.001 |      641 |    126800 |            0.51 |
|   F7/F8 Muxes            |    <0.001 |       31 |     63400 |            0.05 |
|   BUFG                   |    <0.001 |        1 |        32 |            3.13 |
|   Others                 |     0.000 |       51 |       --- |             --- |
| Signals                  |     0.008 |     2164 |       --- |             --- |
| I/O                      |    <0.001 |       13 |       210 |            6.19 |
| Static Power             |     0.097 |          |           |                 |
| Total                    |     0.114 |          |           |                 |
+--------------------------+-----------+----------+-----------+-----------------+


1.2 Power Supply Summary
------------------------

+-----------+-------------+-----------+-------------+------------+
| Source    | Voltage (V) | Total (A) | Dynamic (A) | Static (A) |
+-----------+-------------+-----------+-------------+------------+
| Vccint    |       1.000 |     0.032 |       0.017 |      0.015 |
| Vccaux    |       1.800 |     0.018 |       0.000 |      0.018 |
| Vcco33    |       3.300 |     0.004 |       0.000 |      0.004 |
| Vcco25    |       2.500 |     0.000 |       0.000 |      0.000 |
| Vcco18    |       1.800 |     0.000 |       0.000 |      0.000 |
| Vcco15    |       1.500 |     0.000 |       0.000 |      0.000 |
| Vcco135   |       1.350 |     0.000 |       0.000 |      0.000 |
| Vcco12    |       1.200 |     0.000 |       0.000 |      0.000 |
| Vccaux_io |       1.800 |     0.000 |       0.000 |      0.000 |
| Vccbram   |       1.000 |     0.000 |       0.000 |      0.000 |
| MGTAVcc   |       1.000 |     0.000 |       0.000 |      0.000 |
| MGTAVtt   |       1.200 |     0.000 |       0.000 |      0.000 |
| Vccadc    |       1.800 |     0.020 |       0.000 |      0.020 |
+-----------+-------------+-----------+-------------+------------+


1.3 Confidence Level
--------------------

+-----------------------------+------------+--------------------------------------------------------+--------------------------------------------------------------------------------------------------------------------+
| User Input Data             | Confidence | Details                                                | Action                                                                                                             |
+-----------------------------+------------+--------------------------------------------------------+--------------------------------------------------------------------------------------------------------------------+
| Design implementation state | High       | Design is routed                                       |                                                                                                                    |
| Clock nodes activity        | Low        | User specified less than 75% of clocks                 | Provide missing clock activity with a constraint file, simulation results or by editing the "By Clock Domain" view |
| I/O nodes activity          | Low        | More than 75% of inputs are missing user specification | Provide missing input activity with simulation results or by editing the "By Resource Type -> I/Os" view           |
| Internal nodes activity     | Medium     | User specified less than 25% of internal nodes         | Provide missing internal nodes activity with simulation results or by editing the "By Resource Type" views         |
| Device models               | High       | Device models are Production                           |                                                                                                                    |
|                             |            |                                                        |                                                                                                                    |
| Overall confidence level    | Low        |                                                        |                                                                                                                    |
+-----------------------------+------------+--------------------------------------------------------+--------------------------------------------------------------------------------------------------------------------+


2. Settings
-----------

2.1 Environment
---------------

+-----------------------+--------------------------+
| Ambient Temp (C)      | 25.0                     |
| ThetaJA (C/W)         | 4.6                      |
| Airflow (LFM)         | 250                      |
| Heat Sink             | medium (Medium Profile)  |
| ThetaSA (C/W)         | 4.6                      |
| Board Selection       | medium (10"x10")         |
| # of Board Layers     | 12to15 (12 to 15 Layers) |
| Board Temperature (C) | 25.0                     |
+-----------------------+--------------------------+


2.2 Clock Constraints
---------------------

+-------------+-----------+-----------------+
| Clock       | Domain    | Constraint (ns) |
+-------------+-----------+-----------------+
| sys_clk_pin | clk100Mhz |            10.0 |
+-------------+-----------+-----------------+


3. Detailed Reports
-------------------

3.1 By Hierarchy
----------------

+---------------------------------------+-----------+
| Name                                  | Power (W) |
+---------------------------------------+-----------+
| Motherboard                           |     0.017 |
|   PWM_Driver0                         |    <0.001 |
|     CLOCK1                            |    <0.001 |
|   PWM_Driver1                         |    <0.001 |
|     CLOCK1                            |    <0.001 |
|   PWM_Driver2                         |    <0.001 |
|     CLOCK1                            |    <0.001 |
|   PWM_Driver3                         |    <0.001 |
|     CLOCK1                            |    <0.001 |
|   PWM_Driver4                         |    <0.001 |
|     CLOCK1                            |    <0.001 |
|   PWM_Driver5                         |    <0.001 |
|     CLOCK1                            |    <0.001 |
|   PWM_Driver6                         |    <0.001 |
|     CLOCK1                            |    <0.001 |
|   PWM_Driver7                         |    <0.001 |
|     CLOCK1                            |    <0.001 |
|   PWM_Frequency                       |     0.000 |
|   QuadDecoder                         |    <0.001 |
|     U0                                |     0.000 |
|     U1                                |    <0.001 |
|   clock                               |    <0.001 |
|   mips                                |     0.015 |
|     adder                             |    <0.001 |
|     alu                               |    <0.001 |
|     branch_pc_adder                   |    <0.001 |
|     pc_register                       |     0.012 |
|     regfile                           |     0.003 |
|       register_file_reg_r1_0_31_0_5   |    <0.001 |
|       register_file_reg_r1_0_31_12_17 |    <0.001 |
|       register_file_reg_r1_0_31_18_23 |    <0.001 |
|       register_file_reg_r1_0_31_24_29 |    <0.001 |
|       register_file_reg_r1_0_31_30_31 |    <0.001 |
|       register_file_reg_r1_0_31_6_11  |    <0.001 |
|       register_file_reg_r2_0_31_0_5   |    <0.001 |
|       register_file_reg_r2_0_31_12_17 |    <0.001 |
|       register_file_reg_r2_0_31_18_23 |    <0.001 |
|       register_file_reg_r2_0_31_24_29 |    <0.001 |
|       register_file_reg_r2_0_31_30_31 |    <0.001 |
|       register_file_reg_r2_0_31_6_11  |    <0.001 |
+---------------------------------------+-----------+


