Copyright 1986-2018 Xilinx, Inc. All Rights Reserved.
---------------------------------------------------------------------------------------------------------------------------
| Tool Version : Vivado v.2018.2 (win64) Build 2258646 Thu Jun 14 20:03:12 MDT 2018
| Date         : Sun Aug 12 18:34:26 2018
| Host         : ME-PC running 64-bit Service Pack 1  (build 7601)
| Command      : report_drc -file Motherboard_drc_routed.rpt -pb Motherboard_drc_routed.pb -rpx Motherboard_drc_routed.rpx
| Design       : Motherboard
| Device       : xc7a100tcsg324-1
| Speed File   : -1
| Design State : Routed
---------------------------------------------------------------------------------------------------------------------------

Report DRC

Table of Contents
-----------------
1. REPORT SUMMARY
2. REPORT DETAILS

1. REPORT SUMMARY
-----------------
            Netlist: netlist
          Floorplan: design_1
      Design limits: <entire design considered>
           Ruledeck: default
             Max violations: <unlimited>
             Violations found: 65
+----------+----------+-----------------------------------------------------+------------+
| Rule     | Severity | Description                                         | Violations |
+----------+----------+-----------------------------------------------------+------------+
| CFGBVS-1 | Warning  | Missing CFGBVS and CONFIG_VOLTAGE Design Properties | 1          |
| PDRC-153 | Warning  | Gated clock check                                   | 64         |
+----------+----------+-----------------------------------------------------+------------+

2. REPORT DETAILS
-----------------
CFGBVS-1#1 Warning
Missing CFGBVS and CONFIG_VOLTAGE Design Properties  
Neither the CFGBVS nor CONFIG_VOLTAGE voltage property is set in the current_design.  Configuration bank voltage select (CFGBVS) must be set to VCCO or GND, and CONFIG_VOLTAGE must be set to the correct configuration voltage, in order to determine the I/O voltage support for the pins in bank 0.  It is suggested to specify these either using the 'Edit Device Properties' function in the GUI or directly in the XDC file using the following syntax:

 set_property CFGBVS value1 [current_design]
 #where value1 is either VCCO or GND

 set_property CONFIG_VOLTAGE value2 [current_design]
 #where value2 is the voltage provided to configuration bank 0

Refer to the device configuration user guide for more information.
Related violations: <none>

PDRC-153#1 Warning
Gated clock check  
Net mips/pc_register/duty_compare_value_reg[0]_P is a gated clock net sourced by a combinational pin mips/pc_register/duty_compare_value_reg[0]_LDC_i_1/O, cell mips/pc_register/duty_compare_value_reg[0]_LDC_i_1. This is not good design practice and will likely impact performance. For SLICE registers, for example, use the CE pin to control the loading of data.
Related violations: <none>

PDRC-153#2 Warning
Gated clock check  
Net mips/pc_register/duty_compare_value_reg[0]_P_0 is a gated clock net sourced by a combinational pin mips/pc_register/duty_compare_value_reg[0]_LDC_i_1__0/O, cell mips/pc_register/duty_compare_value_reg[0]_LDC_i_1__0. This is not good design practice and will likely impact performance. For SLICE registers, for example, use the CE pin to control the loading of data.
Related violations: <none>

PDRC-153#3 Warning
Gated clock check  
Net mips/pc_register/duty_compare_value_reg[0]_P_1 is a gated clock net sourced by a combinational pin mips/pc_register/duty_compare_value_reg[0]_LDC_i_1__1/O, cell mips/pc_register/duty_compare_value_reg[0]_LDC_i_1__1. This is not good design practice and will likely impact performance. For SLICE registers, for example, use the CE pin to control the loading of data.
Related violations: <none>

PDRC-153#4 Warning
Gated clock check  
Net mips/pc_register/duty_compare_value_reg[0]_P_2 is a gated clock net sourced by a combinational pin mips/pc_register/duty_compare_value_reg[0]_LDC_i_1__2/O, cell mips/pc_register/duty_compare_value_reg[0]_LDC_i_1__2. This is not good design practice and will likely impact performance. For SLICE registers, for example, use the CE pin to control the loading of data.
Related violations: <none>

PDRC-153#5 Warning
Gated clock check  
Net mips/pc_register/duty_compare_value_reg[0]_P_3 is a gated clock net sourced by a combinational pin mips/pc_register/duty_compare_value_reg[0]_LDC_i_1__3/O, cell mips/pc_register/duty_compare_value_reg[0]_LDC_i_1__3. This is not good design practice and will likely impact performance. For SLICE registers, for example, use the CE pin to control the loading of data.
Related violations: <none>

PDRC-153#6 Warning
Gated clock check  
Net mips/pc_register/duty_compare_value_reg[0]_P_4 is a gated clock net sourced by a combinational pin mips/pc_register/duty_compare_value_reg[0]_LDC_i_1__4/O, cell mips/pc_register/duty_compare_value_reg[0]_LDC_i_1__4. This is not good design practice and will likely impact performance. For SLICE registers, for example, use the CE pin to control the loading of data.
Related violations: <none>

PDRC-153#7 Warning
Gated clock check  
Net mips/pc_register/duty_compare_value_reg[0]_P_5 is a gated clock net sourced by a combinational pin mips/pc_register/duty_compare_value_reg[0]_LDC_i_1__5/O, cell mips/pc_register/duty_compare_value_reg[0]_LDC_i_1__5. This is not good design practice and will likely impact performance. For SLICE registers, for example, use the CE pin to control the loading of data.
Related violations: <none>

PDRC-153#8 Warning
Gated clock check  
Net mips/pc_register/duty_compare_value_reg[0]_P_6 is a gated clock net sourced by a combinational pin mips/pc_register/duty_compare_value_reg[0]_LDC_i_1__6/O, cell mips/pc_register/duty_compare_value_reg[0]_LDC_i_1__6. This is not good design practice and will likely impact performance. For SLICE registers, for example, use the CE pin to control the loading of data.
Related violations: <none>

PDRC-153#9 Warning
Gated clock check  
Net mips/pc_register/duty_compare_value_reg[1]_P is a gated clock net sourced by a combinational pin mips/pc_register/duty_compare_value_reg[1]_LDC_i_1/O, cell mips/pc_register/duty_compare_value_reg[1]_LDC_i_1. This is not good design practice and will likely impact performance. For SLICE registers, for example, use the CE pin to control the loading of data.
Related violations: <none>

PDRC-153#10 Warning
Gated clock check  
Net mips/pc_register/duty_compare_value_reg[1]_P_0 is a gated clock net sourced by a combinational pin mips/pc_register/duty_compare_value_reg[1]_LDC_i_1__0/O, cell mips/pc_register/duty_compare_value_reg[1]_LDC_i_1__0. This is not good design practice and will likely impact performance. For SLICE registers, for example, use the CE pin to control the loading of data.
Related violations: <none>

PDRC-153#11 Warning
Gated clock check  
Net mips/pc_register/duty_compare_value_reg[1]_P_1 is a gated clock net sourced by a combinational pin mips/pc_register/duty_compare_value_reg[1]_LDC_i_1__1/O, cell mips/pc_register/duty_compare_value_reg[1]_LDC_i_1__1. This is not good design practice and will likely impact performance. For SLICE registers, for example, use the CE pin to control the loading of data.
Related violations: <none>

PDRC-153#12 Warning
Gated clock check  
Net mips/pc_register/duty_compare_value_reg[1]_P_2 is a gated clock net sourced by a combinational pin mips/pc_register/duty_compare_value_reg[1]_LDC_i_1__2/O, cell mips/pc_register/duty_compare_value_reg[1]_LDC_i_1__2. This is not good design practice and will likely impact performance. For SLICE registers, for example, use the CE pin to control the loading of data.
Related violations: <none>

PDRC-153#13 Warning
Gated clock check  
Net mips/pc_register/duty_compare_value_reg[1]_P_3 is a gated clock net sourced by a combinational pin mips/pc_register/duty_compare_value_reg[1]_LDC_i_1__3/O, cell mips/pc_register/duty_compare_value_reg[1]_LDC_i_1__3. This is not good design practice and will likely impact performance. For SLICE registers, for example, use the CE pin to control the loading of data.
Related violations: <none>

PDRC-153#14 Warning
Gated clock check  
Net mips/pc_register/duty_compare_value_reg[1]_P_4 is a gated clock net sourced by a combinational pin mips/pc_register/duty_compare_value_reg[1]_LDC_i_1__4/O, cell mips/pc_register/duty_compare_value_reg[1]_LDC_i_1__4. This is not good design practice and will likely impact performance. For SLICE registers, for example, use the CE pin to control the loading of data.
Related violations: <none>

PDRC-153#15 Warning
Gated clock check  
Net mips/pc_register/duty_compare_value_reg[1]_P_5 is a gated clock net sourced by a combinational pin mips/pc_register/duty_compare_value_reg[1]_LDC_i_1__5/O, cell mips/pc_register/duty_compare_value_reg[1]_LDC_i_1__5. This is not good design practice and will likely impact performance. For SLICE registers, for example, use the CE pin to control the loading of data.
Related violations: <none>

PDRC-153#16 Warning
Gated clock check  
Net mips/pc_register/duty_compare_value_reg[1]_P_6 is a gated clock net sourced by a combinational pin mips/pc_register/duty_compare_value_reg[1]_LDC_i_1__6/O, cell mips/pc_register/duty_compare_value_reg[1]_LDC_i_1__6. This is not good design practice and will likely impact performance. For SLICE registers, for example, use the CE pin to control the loading of data.
Related violations: <none>

PDRC-153#17 Warning
Gated clock check  
Net mips/pc_register/duty_compare_value_reg[2]_P is a gated clock net sourced by a combinational pin mips/pc_register/duty_compare_value_reg[2]_LDC_i_1/O, cell mips/pc_register/duty_compare_value_reg[2]_LDC_i_1. This is not good design practice and will likely impact performance. For SLICE registers, for example, use the CE pin to control the loading of data.
Related violations: <none>

PDRC-153#18 Warning
Gated clock check  
Net mips/pc_register/duty_compare_value_reg[2]_P_0 is a gated clock net sourced by a combinational pin mips/pc_register/duty_compare_value_reg[2]_LDC_i_1__0/O, cell mips/pc_register/duty_compare_value_reg[2]_LDC_i_1__0. This is not good design practice and will likely impact performance. For SLICE registers, for example, use the CE pin to control the loading of data.
Related violations: <none>

PDRC-153#19 Warning
Gated clock check  
Net mips/pc_register/duty_compare_value_reg[2]_P_1 is a gated clock net sourced by a combinational pin mips/pc_register/duty_compare_value_reg[2]_LDC_i_1__1/O, cell mips/pc_register/duty_compare_value_reg[2]_LDC_i_1__1. This is not good design practice and will likely impact performance. For SLICE registers, for example, use the CE pin to control the loading of data.
Related violations: <none>

PDRC-153#20 Warning
Gated clock check  
Net mips/pc_register/duty_compare_value_reg[2]_P_2 is a gated clock net sourced by a combinational pin mips/pc_register/duty_compare_value_reg[2]_LDC_i_1__2/O, cell mips/pc_register/duty_compare_value_reg[2]_LDC_i_1__2. This is not good design practice and will likely impact performance. For SLICE registers, for example, use the CE pin to control the loading of data.
Related violations: <none>

PDRC-153#21 Warning
Gated clock check  
Net mips/pc_register/duty_compare_value_reg[2]_P_3 is a gated clock net sourced by a combinational pin mips/pc_register/duty_compare_value_reg[2]_LDC_i_1__3/O, cell mips/pc_register/duty_compare_value_reg[2]_LDC_i_1__3. This is not good design practice and will likely impact performance. For SLICE registers, for example, use the CE pin to control the loading of data.
Related violations: <none>

PDRC-153#22 Warning
Gated clock check  
Net mips/pc_register/duty_compare_value_reg[2]_P_4 is a gated clock net sourced by a combinational pin mips/pc_register/duty_compare_value_reg[2]_LDC_i_1__4/O, cell mips/pc_register/duty_compare_value_reg[2]_LDC_i_1__4. This is not good design practice and will likely impact performance. For SLICE registers, for example, use the CE pin to control the loading of data.
Related violations: <none>

PDRC-153#23 Warning
Gated clock check  
Net mips/pc_register/duty_compare_value_reg[2]_P_5 is a gated clock net sourced by a combinational pin mips/pc_register/duty_compare_value_reg[2]_LDC_i_1__5/O, cell mips/pc_register/duty_compare_value_reg[2]_LDC_i_1__5. This is not good design practice and will likely impact performance. For SLICE registers, for example, use the CE pin to control the loading of data.
Related violations: <none>

PDRC-153#24 Warning
Gated clock check  
Net mips/pc_register/duty_compare_value_reg[2]_P_6 is a gated clock net sourced by a combinational pin mips/pc_register/duty_compare_value_reg[2]_LDC_i_1__6/O, cell mips/pc_register/duty_compare_value_reg[2]_LDC_i_1__6. This is not good design practice and will likely impact performance. For SLICE registers, for example, use the CE pin to control the loading of data.
Related violations: <none>

PDRC-153#25 Warning
Gated clock check  
Net mips/pc_register/duty_compare_value_reg[3]_P is a gated clock net sourced by a combinational pin mips/pc_register/duty_compare_value_reg[3]_LDC_i_1/O, cell mips/pc_register/duty_compare_value_reg[3]_LDC_i_1. This is not good design practice and will likely impact performance. For SLICE registers, for example, use the CE pin to control the loading of data.
Related violations: <none>

PDRC-153#26 Warning
Gated clock check  
Net mips/pc_register/duty_compare_value_reg[3]_P_0 is a gated clock net sourced by a combinational pin mips/pc_register/duty_compare_value_reg[3]_LDC_i_1__0/O, cell mips/pc_register/duty_compare_value_reg[3]_LDC_i_1__0. This is not good design practice and will likely impact performance. For SLICE registers, for example, use the CE pin to control the loading of data.
Related violations: <none>

PDRC-153#27 Warning
Gated clock check  
Net mips/pc_register/duty_compare_value_reg[3]_P_1 is a gated clock net sourced by a combinational pin mips/pc_register/duty_compare_value_reg[3]_LDC_i_1__1/O, cell mips/pc_register/duty_compare_value_reg[3]_LDC_i_1__1. This is not good design practice and will likely impact performance. For SLICE registers, for example, use the CE pin to control the loading of data.
Related violations: <none>

PDRC-153#28 Warning
Gated clock check  
Net mips/pc_register/duty_compare_value_reg[3]_P_2 is a gated clock net sourced by a combinational pin mips/pc_register/duty_compare_value_reg[3]_LDC_i_1__2/O, cell mips/pc_register/duty_compare_value_reg[3]_LDC_i_1__2. This is not good design practice and will likely impact performance. For SLICE registers, for example, use the CE pin to control the loading of data.
Related violations: <none>

PDRC-153#29 Warning
Gated clock check  
Net mips/pc_register/duty_compare_value_reg[3]_P_3 is a gated clock net sourced by a combinational pin mips/pc_register/duty_compare_value_reg[3]_LDC_i_1__3/O, cell mips/pc_register/duty_compare_value_reg[3]_LDC_i_1__3. This is not good design practice and will likely impact performance. For SLICE registers, for example, use the CE pin to control the loading of data.
Related violations: <none>

PDRC-153#30 Warning
Gated clock check  
Net mips/pc_register/duty_compare_value_reg[3]_P_4 is a gated clock net sourced by a combinational pin mips/pc_register/duty_compare_value_reg[3]_LDC_i_1__4/O, cell mips/pc_register/duty_compare_value_reg[3]_LDC_i_1__4. This is not good design practice and will likely impact performance. For SLICE registers, for example, use the CE pin to control the loading of data.
Related violations: <none>

PDRC-153#31 Warning
Gated clock check  
Net mips/pc_register/duty_compare_value_reg[3]_P_5 is a gated clock net sourced by a combinational pin mips/pc_register/duty_compare_value_reg[3]_LDC_i_1__5/O, cell mips/pc_register/duty_compare_value_reg[3]_LDC_i_1__5. This is not good design practice and will likely impact performance. For SLICE registers, for example, use the CE pin to control the loading of data.
Related violations: <none>

PDRC-153#32 Warning
Gated clock check  
Net mips/pc_register/duty_compare_value_reg[3]_P_6 is a gated clock net sourced by a combinational pin mips/pc_register/duty_compare_value_reg[3]_LDC_i_1__6/O, cell mips/pc_register/duty_compare_value_reg[3]_LDC_i_1__6. This is not good design practice and will likely impact performance. For SLICE registers, for example, use the CE pin to control the loading of data.
Related violations: <none>

PDRC-153#33 Warning
Gated clock check  
Net mips/pc_register/duty_compare_value_reg[4]_P is a gated clock net sourced by a combinational pin mips/pc_register/duty_compare_value_reg[4]_LDC_i_1/O, cell mips/pc_register/duty_compare_value_reg[4]_LDC_i_1. This is not good design practice and will likely impact performance. For SLICE registers, for example, use the CE pin to control the loading of data.
Related violations: <none>

PDRC-153#34 Warning
Gated clock check  
Net mips/pc_register/duty_compare_value_reg[4]_P_0 is a gated clock net sourced by a combinational pin mips/pc_register/duty_compare_value_reg[4]_LDC_i_1__0/O, cell mips/pc_register/duty_compare_value_reg[4]_LDC_i_1__0. This is not good design practice and will likely impact performance. For SLICE registers, for example, use the CE pin to control the loading of data.
Related violations: <none>

PDRC-153#35 Warning
Gated clock check  
Net mips/pc_register/duty_compare_value_reg[4]_P_1 is a gated clock net sourced by a combinational pin mips/pc_register/duty_compare_value_reg[4]_LDC_i_1__1/O, cell mips/pc_register/duty_compare_value_reg[4]_LDC_i_1__1. This is not good design practice and will likely impact performance. For SLICE registers, for example, use the CE pin to control the loading of data.
Related violations: <none>

PDRC-153#36 Warning
Gated clock check  
Net mips/pc_register/duty_compare_value_reg[4]_P_2 is a gated clock net sourced by a combinational pin mips/pc_register/duty_compare_value_reg[4]_LDC_i_1__2/O, cell mips/pc_register/duty_compare_value_reg[4]_LDC_i_1__2. This is not good design practice and will likely impact performance. For SLICE registers, for example, use the CE pin to control the loading of data.
Related violations: <none>

PDRC-153#37 Warning
Gated clock check  
Net mips/pc_register/duty_compare_value_reg[4]_P_3 is a gated clock net sourced by a combinational pin mips/pc_register/duty_compare_value_reg[4]_LDC_i_1__3/O, cell mips/pc_register/duty_compare_value_reg[4]_LDC_i_1__3. This is not good design practice and will likely impact performance. For SLICE registers, for example, use the CE pin to control the loading of data.
Related violations: <none>

PDRC-153#38 Warning
Gated clock check  
Net mips/pc_register/duty_compare_value_reg[4]_P_4 is a gated clock net sourced by a combinational pin mips/pc_register/duty_compare_value_reg[4]_LDC_i_1__4/O, cell mips/pc_register/duty_compare_value_reg[4]_LDC_i_1__4. This is not good design practice and will likely impact performance. For SLICE registers, for example, use the CE pin to control the loading of data.
Related violations: <none>

PDRC-153#39 Warning
Gated clock check  
Net mips/pc_register/duty_compare_value_reg[4]_P_5 is a gated clock net sourced by a combinational pin mips/pc_register/duty_compare_value_reg[4]_LDC_i_1__5/O, cell mips/pc_register/duty_compare_value_reg[4]_LDC_i_1__5. This is not good design practice and will likely impact performance. For SLICE registers, for example, use the CE pin to control the loading of data.
Related violations: <none>

PDRC-153#40 Warning
Gated clock check  
Net mips/pc_register/duty_compare_value_reg[4]_P_6 is a gated clock net sourced by a combinational pin mips/pc_register/duty_compare_value_reg[4]_LDC_i_1__6/O, cell mips/pc_register/duty_compare_value_reg[4]_LDC_i_1__6. This is not good design practice and will likely impact performance. For SLICE registers, for example, use the CE pin to control the loading of data.
Related violations: <none>

PDRC-153#41 Warning
Gated clock check  
Net mips/pc_register/duty_compare_value_reg[5]_P is a gated clock net sourced by a combinational pin mips/pc_register/duty_compare_value_reg[5]_LDC_i_1/O, cell mips/pc_register/duty_compare_value_reg[5]_LDC_i_1. This is not good design practice and will likely impact performance. For SLICE registers, for example, use the CE pin to control the loading of data.
Related violations: <none>

PDRC-153#42 Warning
Gated clock check  
Net mips/pc_register/duty_compare_value_reg[5]_P_0 is a gated clock net sourced by a combinational pin mips/pc_register/duty_compare_value_reg[5]_LDC_i_1__0/O, cell mips/pc_register/duty_compare_value_reg[5]_LDC_i_1__0. This is not good design practice and will likely impact performance. For SLICE registers, for example, use the CE pin to control the loading of data.
Related violations: <none>

PDRC-153#43 Warning
Gated clock check  
Net mips/pc_register/duty_compare_value_reg[5]_P_1 is a gated clock net sourced by a combinational pin mips/pc_register/duty_compare_value_reg[5]_LDC_i_1__1/O, cell mips/pc_register/duty_compare_value_reg[5]_LDC_i_1__1. This is not good design practice and will likely impact performance. For SLICE registers, for example, use the CE pin to control the loading of data.
Related violations: <none>

PDRC-153#44 Warning
Gated clock check  
Net mips/pc_register/duty_compare_value_reg[5]_P_2 is a gated clock net sourced by a combinational pin mips/pc_register/duty_compare_value_reg[5]_LDC_i_1__2/O, cell mips/pc_register/duty_compare_value_reg[5]_LDC_i_1__2. This is not good design practice and will likely impact performance. For SLICE registers, for example, use the CE pin to control the loading of data.
Related violations: <none>

PDRC-153#45 Warning
Gated clock check  
Net mips/pc_register/duty_compare_value_reg[5]_P_3 is a gated clock net sourced by a combinational pin mips/pc_register/duty_compare_value_reg[5]_LDC_i_1__3/O, cell mips/pc_register/duty_compare_value_reg[5]_LDC_i_1__3. This is not good design practice and will likely impact performance. For SLICE registers, for example, use the CE pin to control the loading of data.
Related violations: <none>

PDRC-153#46 Warning
Gated clock check  
Net mips/pc_register/duty_compare_value_reg[5]_P_4 is a gated clock net sourced by a combinational pin mips/pc_register/duty_compare_value_reg[5]_LDC_i_1__4/O, cell mips/pc_register/duty_compare_value_reg[5]_LDC_i_1__4. This is not good design practice and will likely impact performance. For SLICE registers, for example, use the CE pin to control the loading of data.
Related violations: <none>

PDRC-153#47 Warning
Gated clock check  
Net mips/pc_register/duty_compare_value_reg[5]_P_5 is a gated clock net sourced by a combinational pin mips/pc_register/duty_compare_value_reg[5]_LDC_i_1__5/O, cell mips/pc_register/duty_compare_value_reg[5]_LDC_i_1__5. This is not good design practice and will likely impact performance. For SLICE registers, for example, use the CE pin to control the loading of data.
Related violations: <none>

PDRC-153#48 Warning
Gated clock check  
Net mips/pc_register/duty_compare_value_reg[5]_P_6 is a gated clock net sourced by a combinational pin mips/pc_register/duty_compare_value_reg[5]_LDC_i_1__6/O, cell mips/pc_register/duty_compare_value_reg[5]_LDC_i_1__6. This is not good design practice and will likely impact performance. For SLICE registers, for example, use the CE pin to control the loading of data.
Related violations: <none>

PDRC-153#49 Warning
Gated clock check  
Net mips/pc_register/duty_compare_value_reg[6]_P is a gated clock net sourced by a combinational pin mips/pc_register/duty_compare_value_reg[6]_LDC_i_1/O, cell mips/pc_register/duty_compare_value_reg[6]_LDC_i_1. This is not good design practice and will likely impact performance. For SLICE registers, for example, use the CE pin to control the loading of data.
Related violations: <none>

PDRC-153#50 Warning
Gated clock check  
Net mips/pc_register/duty_compare_value_reg[6]_P_0 is a gated clock net sourced by a combinational pin mips/pc_register/duty_compare_value_reg[6]_LDC_i_1__0/O, cell mips/pc_register/duty_compare_value_reg[6]_LDC_i_1__0. This is not good design practice and will likely impact performance. For SLICE registers, for example, use the CE pin to control the loading of data.
Related violations: <none>

PDRC-153#51 Warning
Gated clock check  
Net mips/pc_register/duty_compare_value_reg[6]_P_1 is a gated clock net sourced by a combinational pin mips/pc_register/duty_compare_value_reg[6]_LDC_i_1__1/O, cell mips/pc_register/duty_compare_value_reg[6]_LDC_i_1__1. This is not good design practice and will likely impact performance. For SLICE registers, for example, use the CE pin to control the loading of data.
Related violations: <none>

PDRC-153#52 Warning
Gated clock check  
Net mips/pc_register/duty_compare_value_reg[6]_P_2 is a gated clock net sourced by a combinational pin mips/pc_register/duty_compare_value_reg[6]_LDC_i_1__2/O, cell mips/pc_register/duty_compare_value_reg[6]_LDC_i_1__2. This is not good design practice and will likely impact performance. For SLICE registers, for example, use the CE pin to control the loading of data.
Related violations: <none>

PDRC-153#53 Warning
Gated clock check  
Net mips/pc_register/duty_compare_value_reg[6]_P_3 is a gated clock net sourced by a combinational pin mips/pc_register/duty_compare_value_reg[6]_LDC_i_1__3/O, cell mips/pc_register/duty_compare_value_reg[6]_LDC_i_1__3. This is not good design practice and will likely impact performance. For SLICE registers, for example, use the CE pin to control the loading of data.
Related violations: <none>

PDRC-153#54 Warning
Gated clock check  
Net mips/pc_register/duty_compare_value_reg[6]_P_4 is a gated clock net sourced by a combinational pin mips/pc_register/duty_compare_value_reg[6]_LDC_i_1__4/O, cell mips/pc_register/duty_compare_value_reg[6]_LDC_i_1__4. This is not good design practice and will likely impact performance. For SLICE registers, for example, use the CE pin to control the loading of data.
Related violations: <none>

PDRC-153#55 Warning
Gated clock check  
Net mips/pc_register/duty_compare_value_reg[6]_P_5 is a gated clock net sourced by a combinational pin mips/pc_register/duty_compare_value_reg[6]_LDC_i_1__5/O, cell mips/pc_register/duty_compare_value_reg[6]_LDC_i_1__5. This is not good design practice and will likely impact performance. For SLICE registers, for example, use the CE pin to control the loading of data.
Related violations: <none>

PDRC-153#56 Warning
Gated clock check  
Net mips/pc_register/duty_compare_value_reg[6]_P_6 is a gated clock net sourced by a combinational pin mips/pc_register/duty_compare_value_reg[6]_LDC_i_1__6/O, cell mips/pc_register/duty_compare_value_reg[6]_LDC_i_1__6. This is not good design practice and will likely impact performance. For SLICE registers, for example, use the CE pin to control the loading of data.
Related violations: <none>

PDRC-153#57 Warning
Gated clock check  
Net mips/pc_register/duty_compare_value_reg[7]_P is a gated clock net sourced by a combinational pin mips/pc_register/duty_compare_value_reg[7]_LDC_i_1/O, cell mips/pc_register/duty_compare_value_reg[7]_LDC_i_1. This is not good design practice and will likely impact performance. For SLICE registers, for example, use the CE pin to control the loading of data.
Related violations: <none>

PDRC-153#58 Warning
Gated clock check  
Net mips/pc_register/duty_compare_value_reg[7]_P_0 is a gated clock net sourced by a combinational pin mips/pc_register/duty_compare_value_reg[7]_LDC_i_1__0/O, cell mips/pc_register/duty_compare_value_reg[7]_LDC_i_1__0. This is not good design practice and will likely impact performance. For SLICE registers, for example, use the CE pin to control the loading of data.
Related violations: <none>

PDRC-153#59 Warning
Gated clock check  
Net mips/pc_register/duty_compare_value_reg[7]_P_1 is a gated clock net sourced by a combinational pin mips/pc_register/duty_compare_value_reg[7]_LDC_i_1__1/O, cell mips/pc_register/duty_compare_value_reg[7]_LDC_i_1__1. This is not good design practice and will likely impact performance. For SLICE registers, for example, use the CE pin to control the loading of data.
Related violations: <none>

PDRC-153#60 Warning
Gated clock check  
Net mips/pc_register/duty_compare_value_reg[7]_P_2 is a gated clock net sourced by a combinational pin mips/pc_register/duty_compare_value_reg[7]_LDC_i_1__2/O, cell mips/pc_register/duty_compare_value_reg[7]_LDC_i_1__2. This is not good design practice and will likely impact performance. For SLICE registers, for example, use the CE pin to control the loading of data.
Related violations: <none>

PDRC-153#61 Warning
Gated clock check  
Net mips/pc_register/duty_compare_value_reg[7]_P_3 is a gated clock net sourced by a combinational pin mips/pc_register/duty_compare_value_reg[7]_LDC_i_1__3/O, cell mips/pc_register/duty_compare_value_reg[7]_LDC_i_1__3. This is not good design practice and will likely impact performance. For SLICE registers, for example, use the CE pin to control the loading of data.
Related violations: <none>

PDRC-153#62 Warning
Gated clock check  
Net mips/pc_register/duty_compare_value_reg[7]_P_4 is a gated clock net sourced by a combinational pin mips/pc_register/duty_compare_value_reg[7]_LDC_i_1__4/O, cell mips/pc_register/duty_compare_value_reg[7]_LDC_i_1__4. This is not good design practice and will likely impact performance. For SLICE registers, for example, use the CE pin to control the loading of data.
Related violations: <none>

PDRC-153#63 Warning
Gated clock check  
Net mips/pc_register/duty_compare_value_reg[7]_P_5 is a gated clock net sourced by a combinational pin mips/pc_register/duty_compare_value_reg[7]_LDC_i_1__5/O, cell mips/pc_register/duty_compare_value_reg[7]_LDC_i_1__5. This is not good design practice and will likely impact performance. For SLICE registers, for example, use the CE pin to control the loading of data.
Related violations: <none>

PDRC-153#64 Warning
Gated clock check  
Net mips/pc_register/duty_compare_value_reg[7]_P_6 is a gated clock net sourced by a combinational pin mips/pc_register/duty_compare_value_reg[7]_LDC_i_1__6/O, cell mips/pc_register/duty_compare_value_reg[7]_LDC_i_1__6. This is not good design practice and will likely impact performance. For SLICE registers, for example, use the CE pin to control the loading of data.
Related violations: <none>


